<?xml version="1.0" encoding="UTF-8"?>
<testng-results ignored="0" total="1" passed="1" failed="0" skipped="0">
  <reporter-output>
  </reporter-output>
  <suite started-at="2023-07-07T10:40:55 IST" name="Default suite" finished-at="2023-07-07T10:41:09 IST" duration-ms="14410">
    <groups>
    </groups>
    <test started-at="2023-07-07T10:40:55 IST" name="Default test" finished-at="2023-07-07T10:41:09 IST" duration-ms="14410">
      <class name="com.PageObject.Demo">
        <test-method signature="m1()[pri:0, instance:com.PageObject.Demo@79da8dc5]" started-at="2023-07-07T10:40:55 IST" name="m1" finished-at="2023-07-07T10:41:09 IST" duration-ms="14387" status="PASS">
          <reporter-output>
          </reporter-output>
        </test-method> <!-- m1 -->
      </class> <!-- com.PageObject.Demo -->
    </test> <!-- Default test -->
  </suite> <!-- Default suite -->
</testng-results>
