<?xml version="1.0" encoding="UTF-8"?>
<!-- Generated by org.testng.reporters.JUnitXMLReporter -->
<testsuite ignored="0" hostname="DESKTOP-79L5OHF" failures="0" tests="3" name="Test" time="31.282" errors="0" timestamp="2023-06-29T18:17:06 IST">
  <testcase classname="tests.TC_01_VerifyWipitLoginTests2" name="loginWithValidCredentialsTest" time="2.644"/>
  <testcase classname="tests.TC_01_VerifyWipitLoginTests2" name="loginWithInvalidCredentialsTest" time="6.501"/>
  <testcase classname="tests.TC_01_VerifyWipitLoginTests2" name="loginWithInactiveCredentialsTest" time="1.967"/>
</testsuite> <!-- Test -->
